<?xml version="1.0" encoding="UTF-8"?>
<testng-results ignored="0" total="2" passed="2" failed="0" skipped="0">
  <reporter-output>
  </reporter-output>
  <suite started-at="2024-03-29T12:25:17 IST" name="Default suite" finished-at="2024-03-29T12:27:55 IST" duration-ms="157176">
    <groups>
    </groups>
    <test started-at="2024-03-29T12:25:17 IST" name="Default test" finished-at="2024-03-29T12:27:55 IST" duration-ms="157176">
      <class name="ocean.Runner_class">
        <test-method is-config="true" signature="report()[pri:0, instance:ocean.Runner_class@644baf4a]" started-at="2024-03-29T12:25:17 IST" name="report" finished-at="2024-03-29T12:25:18 IST" duration-ms="382" status="PASS">
          <reporter-output>
          </reporter-output>
        </test-method> <!-- report -->
        <test-method is-config="true" signature="open_app()[pri:0, instance:ocean.Runner_class@644baf4a]" started-at="2024-03-29T12:25:18 IST" name="open_app" finished-at="2024-03-29T12:25:31 IST" duration-ms="13266" status="PASS">
          <reporter-output>
          </reporter-output>
        </test-method> <!-- open_app -->
        <test-method signature="test1(java.lang.String,java.lang.String)[pri:0, instance:ocean.Runner_class@644baf4a]" started-at="2024-03-29T12:25:31 IST" name="test1" data-provider="auto" finished-at="2024-03-29T12:26:39 IST" duration-ms="67510" status="PASS">
          <params>
            <param index="0">
              <value>
                <![CDATA[jackson]]>
              </value>
            </param>
            <param index="1">
              <value>
                <![CDATA[abc]]>
              </value>
            </param>
          </params>
          <reporter-output>
          </reporter-output>
        </test-method> <!-- test1 -->
        <test-method is-config="true" signature="close_app()[pri:0, instance:ocean.Runner_class@644baf4a]" started-at="2024-03-29T12:26:39 IST" name="close_app" finished-at="2024-03-29T12:26:39 IST" duration-ms="274" status="PASS">
          <reporter-output>
          </reporter-output>
        </test-method> <!-- close_app -->
        <test-method is-config="true" signature="open_app()[pri:0, instance:ocean.Runner_class@644baf4a]" started-at="2024-03-29T12:26:39 IST" name="open_app" finished-at="2024-03-29T12:26:42 IST" duration-ms="3036" status="PASS">
          <reporter-output>
          </reporter-output>
        </test-method> <!-- open_app -->
        <test-method signature="test2(java.lang.String,java.lang.String)[pri:0, instance:ocean.Runner_class@644baf4a]" started-at="2024-03-29T12:26:42 IST" name="test2" data-provider="auto" finished-at="2024-03-29T12:27:54 IST" duration-ms="71776" status="PASS">
          <params>
            <param index="0">
              <value>
                <![CDATA[jackson]]>
              </value>
            </param>
            <param index="1">
              <value>
                <![CDATA[abc]]>
              </value>
            </param>
          </params>
          <reporter-output>
          </reporter-output>
        </test-method> <!-- test2 -->
        <test-method is-config="true" signature="close_app()[pri:0, instance:ocean.Runner_class@644baf4a]" started-at="2024-03-29T12:27:54 IST" name="close_app" finished-at="2024-03-29T12:27:54 IST" duration-ms="415" status="PASS">
          <reporter-output>
          </reporter-output>
        </test-method> <!-- close_app -->
        <test-method is-config="true" signature="close()[pri:0, instance:ocean.Runner_class@644baf4a]" started-at="2024-03-29T12:27:54 IST" name="close" finished-at="2024-03-29T12:27:55 IST" duration-ms="389" status="PASS">
          <reporter-output>
          </reporter-output>
        </test-method> <!-- close -->
      </class> <!-- ocean.Runner_class -->
    </test> <!-- Default test -->
  </suite> <!-- Default suite -->
</testng-results>
