<?xml version="1.0" encoding="UTF-8"?>
<testng-results ignored="0" total="1" passed="1" failed="0" skipped="0">
  <reporter-output>
  </reporter-output>
  <suite started-at="2024-03-17T13:31:37 IST" name="Default suite" finished-at="2024-03-17T13:31:53 IST" duration-ms="15751">
    <groups>
    </groups>
    <test started-at="2024-03-17T13:31:37 IST" name="Default test" finished-at="2024-03-17T13:31:53 IST" duration-ms="15751">
      <class name="ocean.Runner_class">
        <test-method is-config="true" signature="report()[pri:0, instance:ocean.Runner_class@26d9b808]" started-at="2024-03-17T13:31:37 IST" name="report" finished-at="2024-03-17T13:31:38 IST" duration-ms="280" status="PASS">
          <reporter-output>
          </reporter-output>
        </test-method> <!-- report -->
        <test-method is-config="true" signature="open_app()[pri:0, instance:ocean.Runner_class@26d9b808]" started-at="2024-03-17T13:31:38 IST" name="open_app" finished-at="2024-03-17T13:31:46 IST" duration-ms="7925" status="PASS">
          <reporter-output>
          </reporter-output>
        </test-method> <!-- open_app -->
        <test-method signature="test1(java.lang.String,java.lang.String)[pri:0, instance:ocean.Runner_class@26d9b808]" started-at="2024-03-17T13:31:46 IST" name="test1" data-provider="auto" finished-at="2024-03-17T13:31:52 IST" duration-ms="6775" status="PASS">
          <params>
            <param index="0">
              <value>
                <![CDATA[jackson]]>
              </value>
            </param>
            <param index="1">
              <value>
                <![CDATA[abc]]>
              </value>
            </param>
          </params>
          <reporter-output>
          </reporter-output>
        </test-method> <!-- test1 -->
        <test-method is-config="true" signature="close_app()[pri:0, instance:ocean.Runner_class@26d9b808]" started-at="2024-03-17T13:31:52 IST" name="close_app" finished-at="2024-03-17T13:31:53 IST" duration-ms="227" status="PASS">
          <reporter-output>
          </reporter-output>
        </test-method> <!-- close_app -->
        <test-method is-config="true" signature="close()[pri:0, instance:ocean.Runner_class@26d9b808]" started-at="2024-03-17T13:31:53 IST" name="close" finished-at="2024-03-17T13:31:53 IST" duration-ms="445" status="PASS">
          <reporter-output>
          </reporter-output>
        </test-method> <!-- close -->
      </class> <!-- ocean.Runner_class -->
    </test> <!-- Default test -->
  </suite> <!-- Default suite -->
</testng-results>
